# JRE version: OpenJDK Runtime Environment Zulu21.30+15-CA (21.0.1+12) (build 21.0.1+12-LTS)
# Java VM: OpenJDK 64-Bit Server VM Zulu21.30+15-CA (21.0.1+12-LTS, mixed mode, sharing, tiered, compressed oops, compressed class ptrs, g1 gc, windows-amd64)
GC Precious Log:
 CardTable entry size: 512
 Card Set container configuration: InlinePtr #cards 4 size 8 Array Of Cards #cards 16 size 48 Howl #buckets 8 coarsen threshold 3686 Howl Bitmap #cards 512 size 80 coarsen threshold 460 Card regions per heap region 1 cards per card region 4096
 CPUs: 12 total, 12 available
 Memory: 15734M
 Large Page Support: Disabled
 NUMA Support: Disabled
 Compressed Oops: Enabled (Zero based)
 Heap Region Size: 2M
 Heap Min Capacity: 8M
 Heap Initial Capacity: 246M
 Heap Max Capacity: 3934M
 Pre-touch: Disabled
 Parallel Workers: 10
 Concurrent Workers: 3
 Concurrent Refinement Workers: 10
 Periodic GC: Disabled
Heap:
 garbage-first heap   total 393216K, used 210799K [0x000000070a200000, 0x0000000800000000)
  region size 2048K, 14 young (28672K), 6 survivors (12288K)
 Metaspace       used 88698K, committed 89792K, reserved 1179648K
  class space    used 13765K, committed 14272K, reserved 1048576K
GC Heap History (20 events):
Event: 27.387 GC heap before
{Heap before GC invocations=24 (full 0):
 garbage-first heap   total 305152K, used 210253K [0x000000070a200000, 0x0000000800000000)
  region size 2048K, 42 young (86016K), 6 survivors (12288K)
 Metaspace       used 59574K, committed 60416K, reserved 1114112K
  class space    used 8693K, committed 9088K, reserved 1048576K
}
Event: 27.400 GC heap after
{Heap after GC invocations=25 (full 0):
 garbage-first heap   total 305152K, used 141054K [0x000000070a200000, 0x0000000800000000)
  region size 2048K, 6 young (12288K), 6 survivors (12288K)
 Metaspace       used 59574K, committed 60416K, reserved 1114112K
  class space    used 8693K, committed 9088K, reserved 1048576K
}
Event: 29.018 GC heap before
{Heap before GC invocations=26 (full 0):
 garbage-first heap   total 305152K, used 274174K [0x000000070a200000, 0x0000000800000000)
  region size 2048K, 72 young (147456K), 6 survivors (12288K)
 Metaspace       used 66741K, committed 67712K, reserved 1114112K
  class space    used 10208K, committed 10624K, reserved 1048576K
}
Event: 29.039 GC heap after
{Heap after GC invocations=27 (full 0):
 garbage-first heap   total 305152K, used 149988K [0x000000070a200000, 0x0000000800000000)
  region size 2048K, 6 young (12288K), 6 survivors (12288K)
 Metaspace       used 66741K, committed 67712K, reserved 1114112K
  class space    used 10208K, committed 10624K, reserved 1048576K
}
Event: 29.686 GC heap before
{Heap before GC invocations=27 (full 0):
 garbage-first heap   total 305152K, used 272868K [0x000000070a200000, 0x0000000800000000)
  region size 2048K, 67 young (137216K), 6 survivors (12288K)
 Metaspace       used 68134K, committed 69184K, reserved 1114112K
  class space    used 10450K, committed 10944K, reserved 1048576K
}
Event: 29.705 GC heap after
{Heap after GC invocations=28 (full 0):
 garbage-first heap   total 305152K, used 158077K [0x000000070a200000, 0x0000000800000000)
  region size 2048K, 9 young (18432K), 9 survivors (18432K)
 Metaspace       used 68134K, committed 69184K, reserved 1114112K
  class space    used 10450K, committed 10944K, reserved 1048576K
}
Event: 31.176 GC heap before
{Heap before GC invocations=28 (full 0):
 garbage-first heap   total 305152K, used 262525K [0x000000070a200000, 0x0000000800000000)
  region size 2048K, 61 young (124928K), 9 survivors (18432K)
 Metaspace       used 74472K, committed 75520K, reserved 1114112K
  class space    used 11224K, committed 11712K, reserved 1048576K
}
Event: 31.192 GC heap after
{Heap after GC invocations=29 (full 0):
 garbage-first heap   total 366592K, used 165313K [0x000000070a200000, 0x0000000800000000)
  region size 2048K, 4 young (8192K), 4 survivors (8192K)
 Metaspace       used 74472K, committed 75520K, reserved 1114112K
  class space    used 11224K, committed 11712K, reserved 1048576K
}
Event: 33.030 GC heap before
{Heap before GC invocations=29 (full 0):
 garbage-first heap   total 366592K, used 335297K [0x000000070a200000, 0x0000000800000000)
  region size 2048K, 86 young (176128K), 4 survivors (8192K)
 Metaspace       used 78474K, committed 79552K, reserved 1179648K
  class space    used 11793K, committed 12288K, reserved 1048576K
}
Event: 33.043 GC heap after
{Heap after GC invocations=30 (full 0):
 garbage-first heap   total 366592K, used 173192K [0x000000070a200000, 0x0000000800000000)
  region size 2048K, 7 young (14336K), 7 survivors (14336K)
 Metaspace       used 78474K, committed 79552K, reserved 1179648K
  class space    used 11793K, committed 12288K, reserved 1048576K
}
Event: 34.323 GC heap before
{Heap before GC invocations=30 (full 0):
 garbage-first heap   total 366592K, used 328840K [0x000000070a200000, 0x0000000800000000)
  region size 2048K, 83 young (169984K), 7 survivors (14336K)
 Metaspace       used 81643K, committed 82752K, reserved 1179648K
  class space    used 12419K, committed 12928K, reserved 1048576K
}
Event: 34.338 GC heap after
{Heap after GC invocations=31 (full 0):
 garbage-first heap   total 366592K, used 176494K [0x000000070a200000, 0x0000000800000000)
  region size 2048K, 6 young (12288K), 6 survivors (12288K)
 Metaspace       used 81643K, committed 82752K, reserved 1179648K
  class space    used 12419K, committed 12928K, reserved 1048576K
}
Event: 35.419 GC heap before
{Heap before GC invocations=32 (full 0):
 garbage-first heap   total 366592K, used 332142K [0x000000070a200000, 0x0000000800000000)
  region size 2048K, 82 young (167936K), 6 survivors (12288K)
 Metaspace       used 85596K, committed 86720K, reserved 1179648K
  class space    used 13262K, committed 13760K, reserved 1048576K
}
Event: 35.435 GC heap after
{Heap after GC invocations=33 (full 0):
 garbage-first heap   total 366592K, used 181866K [0x000000070a200000, 0x0000000800000000)
  region size 2048K, 8 young (16384K), 8 survivors (16384K)
 Metaspace       used 85596K, committed 86720K, reserved 1179648K
  class space    used 13262K, committed 13760K, reserved 1048576K
}
Event: 36.165 GC heap before
{Heap before GC invocations=33 (full 0):
 garbage-first heap   total 366592K, used 329322K [0x000000070a200000, 0x0000000800000000)
  region size 2048K, 80 young (163840K), 8 survivors (16384K)
 Metaspace       used 87095K, committed 88192K, reserved 1179648K
  class space    used 13536K, committed 14016K, reserved 1048576K
}
Event: 36.185 GC heap after
{Heap after GC invocations=34 (full 0):
 garbage-first heap   total 366592K, used 189600K [0x000000070a200000, 0x0000000800000000)
  region size 2048K, 9 young (18432K), 9 survivors (18432K)
 Metaspace       used 87095K, committed 88192K, reserved 1179648K
  class space    used 13536K, committed 14016K, reserved 1048576K
}
Event: 36.697 GC heap before
{Heap before GC invocations=34 (full 0):
 garbage-first heap   total 366592K, used 326816K [0x000000070a200000, 0x0000000800000000)
  region size 2048K, 76 young (155648K), 9 survivors (18432K)
 Metaspace       used 87363K, committed 88448K, reserved 1179648K
  class space    used 13582K, committed 14080K, reserved 1048576K
}
Event: 36.715 GC heap after
{Heap after GC invocations=35 (full 0):
 garbage-first heap   total 366592K, used 189805K [0x000000070a200000, 0x0000000800000000)
  region size 2048K, 6 young (12288K), 6 survivors (12288K)
 Metaspace       used 87363K, committed 88448K, reserved 1179648K
  class space    used 13582K, committed 14080K, reserved 1048576K
}
Event: 37.279 GC heap before
{Heap before GC invocations=36 (full 0):
 garbage-first heap   total 393216K, used 331117K [0x000000070a200000, 0x0000000800000000)
  region size 2048K, 75 young (153600K), 6 survivors (12288K)
 Metaspace       used 87947K, committed 89152K, reserved 1179648K
  class space    used 13669K, committed 14208K, reserved 1048576K
}
Event: 37.296 GC heap after
{Heap after GC invocations=37 (full 0):
 garbage-first heap   total 393216K, used 196463K [0x000000070a200000, 0x0000000800000000)
  region size 2048K, 6 young (12288K), 6 survivors (12288K)
 Metaspace       used 87947K, committed 89152K, reserved 1179648K
  class space    used 13669K, committed 14208K, reserved 1048576K
}

