# JRE version: OpenJDK Runtime Environment Zulu21.30+15-CA (21.0.1+12) (build 21.0.1+12-LTS)
# Java VM: OpenJDK 64-Bit Server VM Zulu21.30+15-CA (21.0.1+12-LTS, mixed mode, sharing, tiered, compressed oops, compressed class ptrs, g1 gc, windows-amd64)
GC Precious Log:
 CardTable entry size: 512
 Card Set container configuration: InlinePtr #cards 4 size 8 Array Of Cards #cards 16 size 48 Howl #buckets 8 coarsen threshold 3686 Howl Bitmap #cards 512 size 80 coarsen threshold 460 Card regions per heap region 1 cards per card region 4096
 CPUs: 12 total, 12 available
 Memory: 15734M
 Large Page Support: Disabled
 NUMA Support: Disabled
 Compressed Oops: Enabled (Zero based)
 Heap Region Size: 2M
 Heap Min Capacity: 8M
 Heap Initial Capacity: 246M
 Heap Max Capacity: 3934M
 Pre-touch: Disabled
 Parallel Workers: 10
 Concurrent Workers: 3
 Concurrent Refinement Workers: 10
 Periodic GC: Disabled
Heap:
 garbage-first heap   total 450560K, used 241261K [0x000000070a200000, 0x0000000800000000)
  region size 2048K, 2 young (4096K), 1 survivors (2048K)
 Metaspace       used 106751K, committed 108160K, reserved 1179648K
  class space    used 16028K, committed 16704K, reserved 1048576K
GC Heap History (20 events):
Event: 3954.780 GC heap before
{Heap before GC invocations=142 (full 0):
 garbage-first heap   total 450560K, used 422993K [0x000000070a200000, 0x0000000800000000)
  region size 2048K, 90 young (184320K), 1 survivors (2048K)
 Metaspace       used 106408K, committed 108032K, reserved 1179648K
  class space    used 15981K, committed 16704K, reserved 1048576K
}
Event: 3954.785 GC heap after
{Heap after GC invocations=143 (full 0):
 garbage-first heap   total 450560K, used 240496K [0x000000070a200000, 0x0000000800000000)
  region size 2048K, 1 young (2048K), 1 survivors (2048K)
 Metaspace       used 106408K, committed 108032K, reserved 1179648K
  class space    used 15981K, committed 16704K, reserved 1048576K
}
Event: 3992.532 GC heap before
{Heap before GC invocations=143 (full 0):
 garbage-first heap   total 450560K, used 422768K [0x000000070a200000, 0x0000000800000000)
  region size 2048K, 90 young (184320K), 1 survivors (2048K)
 Metaspace       used 106408K, committed 108032K, reserved 1179648K
  class space    used 15981K, committed 16704K, reserved 1048576K
}
Event: 3992.536 GC heap after
{Heap after GC invocations=144 (full 0):
 garbage-first heap   total 450560K, used 240494K [0x000000070a200000, 0x0000000800000000)
  region size 2048K, 1 young (2048K), 1 survivors (2048K)
 Metaspace       used 106408K, committed 108032K, reserved 1179648K
  class space    used 15981K, committed 16704K, reserved 1048576K
}
Event: 4030.280 GC heap before
{Heap before GC invocations=145 (full 0):
 garbage-first heap   total 450560K, used 422766K [0x000000070a200000, 0x0000000800000000)
  region size 2048K, 90 young (184320K), 1 survivors (2048K)
 Metaspace       used 106408K, committed 108032K, reserved 1179648K
  class space    used 15981K, committed 16704K, reserved 1048576K
}
Event: 4030.283 GC heap after
{Heap after GC invocations=146 (full 0):
 garbage-first heap   total 450560K, used 240515K [0x000000070a200000, 0x0000000800000000)
  region size 2048K, 1 young (2048K), 1 survivors (2048K)
 Metaspace       used 106408K, committed 108032K, reserved 1179648K
  class space    used 15981K, committed 16704K, reserved 1048576K
}
Event: 4067.882 GC heap before
{Heap before GC invocations=146 (full 0):
 garbage-first heap   total 450560K, used 422787K [0x000000070a200000, 0x0000000800000000)
  region size 2048K, 90 young (184320K), 1 survivors (2048K)
 Metaspace       used 106408K, committed 108032K, reserved 1179648K
  class space    used 15981K, committed 16704K, reserved 1048576K
}
Event: 4067.886 GC heap after
{Heap after GC invocations=147 (full 0):
 garbage-first heap   total 450560K, used 240285K [0x000000070a200000, 0x0000000800000000)
  region size 2048K, 1 young (2048K), 1 survivors (2048K)
 Metaspace       used 106408K, committed 108032K, reserved 1179648K
  class space    used 15981K, committed 16704K, reserved 1048576K
}
Event: 4105.579 GC heap before
{Heap before GC invocations=147 (full 0):
 garbage-first heap   total 450560K, used 422557K [0x000000070a200000, 0x0000000800000000)
  region size 2048K, 90 young (184320K), 1 survivors (2048K)
 Metaspace       used 106408K, committed 108032K, reserved 1179648K
  class space    used 15981K, committed 16704K, reserved 1048576K
}
Event: 4105.585 GC heap after
{Heap after GC invocations=148 (full 0):
 garbage-first heap   total 450560K, used 240291K [0x000000070a200000, 0x0000000800000000)
  region size 2048K, 1 young (2048K), 1 survivors (2048K)
 Metaspace       used 106408K, committed 108032K, reserved 1179648K
  class space    used 15981K, committed 16704K, reserved 1048576K
}
Event: 4143.630 GC heap before
{Heap before GC invocations=149 (full 0):
 garbage-first heap   total 450560K, used 422563K [0x000000070a200000, 0x0000000800000000)
  region size 2048K, 90 young (184320K), 1 survivors (2048K)
 Metaspace       used 106408K, committed 108032K, reserved 1179648K
  class space    used 15981K, committed 16704K, reserved 1048576K
}
Event: 4143.633 GC heap after
{Heap after GC invocations=150 (full 0):
 garbage-first heap   total 450560K, used 240293K [0x000000070a200000, 0x0000000800000000)
  region size 2048K, 1 young (2048K), 1 survivors (2048K)
 Metaspace       used 106408K, committed 108032K, reserved 1179648K
  class space    used 15981K, committed 16704K, reserved 1048576K
}
Event: 4181.629 GC heap before
{Heap before GC invocations=150 (full 0):
 garbage-first heap   total 450560K, used 422565K [0x000000070a200000, 0x0000000800000000)
  region size 2048K, 90 young (184320K), 1 survivors (2048K)
 Metaspace       used 106408K, committed 108032K, reserved 1179648K
  class space    used 15981K, committed 16704K, reserved 1048576K
}
Event: 4181.639 GC heap after
{Heap after GC invocations=151 (full 0):
 garbage-first heap   total 450560K, used 239937K [0x000000070a200000, 0x0000000800000000)
  region size 2048K, 1 young (2048K), 1 survivors (2048K)
 Metaspace       used 106408K, committed 108032K, reserved 1179648K
  class space    used 15981K, committed 16704K, reserved 1048576K
}
Event: 4217.180 GC heap before
{Heap before GC invocations=151 (full 0):
 garbage-first heap   total 450560K, used 422209K [0x000000070a200000, 0x0000000800000000)
  region size 2048K, 90 young (184320K), 1 survivors (2048K)
 Metaspace       used 106454K, committed 108032K, reserved 1179648K
  class space    used 15989K, committed 16704K, reserved 1048576K
}
Event: 4217.184 GC heap after
{Heap after GC invocations=152 (full 0):
 garbage-first heap   total 450560K, used 240122K [0x000000070a200000, 0x0000000800000000)
  region size 2048K, 1 young (2048K), 1 survivors (2048K)
 Metaspace       used 106454K, committed 108032K, reserved 1179648K
  class space    used 15989K, committed 16704K, reserved 1048576K
}
Event: 4254.329 GC heap before
{Heap before GC invocations=153 (full 0):
 garbage-first heap   total 450560K, used 422394K [0x000000070a200000, 0x0000000800000000)
  region size 2048K, 90 young (184320K), 1 survivors (2048K)
 Metaspace       used 106457K, committed 108032K, reserved 1179648K
  class space    used 15989K, committed 16704K, reserved 1048576K
}
Event: 4254.332 GC heap after
{Heap after GC invocations=154 (full 0):
 garbage-first heap   total 450560K, used 240120K [0x000000070a200000, 0x0000000800000000)
  region size 2048K, 1 young (2048K), 1 survivors (2048K)
 Metaspace       used 106457K, committed 108032K, reserved 1179648K
  class space    used 15989K, committed 16704K, reserved 1048576K
}
Event: 4291.083 GC heap before
{Heap before GC invocations=154 (full 0):
 garbage-first heap   total 450560K, used 422392K [0x000000070a200000, 0x0000000800000000)
  region size 2048K, 90 young (184320K), 1 survivors (2048K)
 Metaspace       used 106465K, committed 108032K, reserved 1179648K
  class space    used 15991K, committed 16704K, reserved 1048576K
}
Event: 4291.099 GC heap after
{Heap after GC invocations=155 (full 0):
 garbage-first heap   total 450560K, used 239893K [0x000000070a200000, 0x0000000800000000)
  region size 2048K, 1 young (2048K), 1 survivors (2048K)
 Metaspace       used 106465K, committed 108032K, reserved 1179648K
  class space    used 15991K, committed 16704K, reserved 1048576K
}

