# JRE version: OpenJDK Runtime Environment Zulu21.30+15-CA (21.0.1+12) (build 21.0.1+12-LTS)
# Java VM: OpenJDK 64-Bit Server VM Zulu21.30+15-CA (21.0.1+12-LTS, mixed mode, sharing, tiered, compressed oops, compressed class ptrs, g1 gc, windows-amd64)
GC Precious Log:
 CardTable entry size: 512
 Card Set container configuration: InlinePtr #cards 4 size 8 Array Of Cards #cards 16 size 48 Howl #buckets 8 coarsen threshold 3686 Howl Bitmap #cards 512 size 80 coarsen threshold 460 Card regions per heap region 1 cards per card region 4096
 CPUs: 12 total, 12 available
 Memory: 15734M
 Large Page Support: Disabled
 NUMA Support: Disabled
 Compressed Oops: Enabled (Zero based)
 Heap Region Size: 2M
 Heap Min Capacity: 8M
 Heap Initial Capacity: 246M
 Heap Max Capacity: 3934M
 Pre-touch: Disabled
 Parallel Workers: 10
 Concurrent Workers: 3
 Concurrent Refinement Workers: 10
 Periodic GC: Disabled
Heap:
 garbage-first heap   total 743424K, used 398097K [0x000000070a200000, 0x0000000800000000)
  region size 2048K, 88 young (180224K), 15 survivors (30720K)
 Metaspace       used 107807K, committed 109120K, reserved 1179648K
  class space    used 16185K, committed 16768K, reserved 1048576K
GC Heap History (20 events):
Event: 1177.849 GC heap before
{Heap before GC invocations=64 (full 0):
 garbage-first heap   total 743424K, used 677794K [0x000000070a200000, 0x0000000800000000)
  region size 2048K, 215 young (440320K), 13 survivors (26624K)
 Metaspace       used 106385K, committed 107648K, reserved 1179648K
  class space    used 15989K, committed 16576K, reserved 1048576K
}
Event: 1177.867 GC heap after
{Heap after GC invocations=65 (full 0):
 garbage-first heap   total 743424K, used 258873K [0x000000070a200000, 0x0000000800000000)
  region size 2048K, 11 young (22528K), 11 survivors (22528K)
 Metaspace       used 106385K, committed 107648K, reserved 1179648K
  class space    used 15989K, committed 16576K, reserved 1048576K
}
Event: 1251.014 GC heap before
{Heap before GC invocations=65 (full 0):
 garbage-first heap   total 743424K, used 678713K [0x000000070a200000, 0x0000000800000000)
  region size 2048K, 217 young (444416K), 11 survivors (22528K)
 Metaspace       used 106587K, committed 107904K, reserved 1179648K
  class space    used 16022K, committed 16640K, reserved 1048576K
}
Event: 1251.041 GC heap after
{Heap after GC invocations=66 (full 0):
 garbage-first heap   total 743424K, used 258900K [0x000000070a200000, 0x0000000800000000)
  region size 2048K, 15 young (30720K), 15 survivors (30720K)
 Metaspace       used 106587K, committed 107904K, reserved 1179648K
  class space    used 16022K, committed 16640K, reserved 1048576K
}
Event: 1260.328 GC heap before
{Heap before GC invocations=66 (full 0):
 garbage-first heap   total 743424K, used 670548K [0x000000070a200000, 0x0000000800000000)
  region size 2048K, 217 young (444416K), 15 survivors (30720K)
 Metaspace       used 106778K, committed 108032K, reserved 1179648K
  class space    used 16042K, committed 16640K, reserved 1048576K
}
Event: 1260.349 GC heap after
{Heap after GC invocations=67 (full 0):
 garbage-first heap   total 743424K, used 249678K [0x000000070a200000, 0x0000000800000000)
  region size 2048K, 11 young (22528K), 11 survivors (22528K)
 Metaspace       used 106778K, committed 108032K, reserved 1179648K
  class space    used 16042K, committed 16640K, reserved 1048576K
}
Event: 1358.950 GC heap before
{Heap before GC invocations=68 (full 0):
 garbage-first heap   total 743424K, used 671566K [0x000000070a200000, 0x0000000800000000)
  region size 2048K, 217 young (444416K), 11 survivors (22528K)
 Metaspace       used 107139K, committed 108416K, reserved 1179648K
  class space    used 16098K, committed 16704K, reserved 1048576K
}
Event: 1358.965 GC heap after
{Heap after GC invocations=69 (full 0):
 garbage-first heap   total 743424K, used 252401K [0x000000070a200000, 0x0000000800000000)
  region size 2048K, 12 young (24576K), 12 survivors (24576K)
 Metaspace       used 107139K, committed 108416K, reserved 1179648K
  class space    used 16098K, committed 16704K, reserved 1048576K
}
Event: 1428.253 GC heap before
{Heap before GC invocations=69 (full 0):
 garbage-first heap   total 743424K, used 670193K [0x000000070a200000, 0x0000000800000000)
  region size 2048K, 217 young (444416K), 12 survivors (24576K)
 Metaspace       used 107627K, committed 108928K, reserved 1179648K
  class space    used 16172K, committed 16768K, reserved 1048576K
}
Event: 1428.279 GC heap after
{Heap after GC invocations=70 (full 0):
 garbage-first heap   total 743424K, used 251726K [0x000000070a200000, 0x0000000800000000)
  region size 2048K, 15 young (30720K), 15 survivors (30720K)
 Metaspace       used 107627K, committed 108928K, reserved 1179648K
  class space    used 16172K, committed 16768K, reserved 1048576K
}
Event: 1453.290 GC heap before
{Heap before GC invocations=70 (full 0):
 garbage-first heap   total 743424K, used 663374K [0x000000070a200000, 0x0000000800000000)
  region size 2048K, 217 young (444416K), 15 survivors (30720K)
 Metaspace       used 107683K, committed 108928K, reserved 1179648K
  class space    used 16177K, committed 16768K, reserved 1048576K
}
Event: 1453.321 GC heap after
{Heap after GC invocations=71 (full 0):
 garbage-first heap   total 743424K, used 264014K [0x000000070a200000, 0x0000000800000000)
  region size 2048K, 21 young (43008K), 21 survivors (43008K)
 Metaspace       used 107683K, committed 108928K, reserved 1179648K
  class space    used 16177K, committed 16768K, reserved 1048576K
}
Event: 1487.780 GC heap before
{Heap before GC invocations=72 (full 0):
 garbage-first heap   total 743424K, used 661326K [0x000000070a200000, 0x0000000800000000)
  region size 2048K, 215 young (440320K), 21 survivors (43008K)
 Metaspace       used 107718K, committed 109056K, reserved 1179648K
  class space    used 16177K, committed 16768K, reserved 1048576K
}
Event: 1487.804 GC heap after
{Heap after GC invocations=73 (full 0):
 garbage-first heap   total 743424K, used 253694K [0x000000070a200000, 0x0000000800000000)
  region size 2048K, 15 young (30720K), 15 survivors (30720K)
 Metaspace       used 107718K, committed 109056K, reserved 1179648K
  class space    used 16177K, committed 16768K, reserved 1048576K
}
Event: 1574.728 GC heap before
{Heap before GC invocations=73 (full 0):
 garbage-first heap   total 743424K, used 667390K [0x000000070a200000, 0x0000000800000000)
  region size 2048K, 217 young (444416K), 15 survivors (30720K)
 Metaspace       used 107758K, committed 109056K, reserved 1179648K
  class space    used 16178K, committed 16768K, reserved 1048576K
}
Event: 1574.758 GC heap after
{Heap after GC invocations=74 (full 0):
 garbage-first heap   total 743424K, used 249159K [0x000000070a200000, 0x0000000800000000)
  region size 2048K, 15 young (30720K), 15 survivors (30720K)
 Metaspace       used 107758K, committed 109056K, reserved 1179648K
  class space    used 16178K, committed 16768K, reserved 1048576K
}
Event: 1691.379 GC heap before
{Heap before GC invocations=74 (full 0):
 garbage-first heap   total 743424K, used 662855K [0x000000070a200000, 0x0000000800000000)
  region size 2048K, 217 young (444416K), 15 survivors (30720K)
 Metaspace       used 107805K, committed 109120K, reserved 1179648K
  class space    used 16185K, committed 16768K, reserved 1048576K
}
Event: 1691.400 GC heap after
{Heap after GC invocations=75 (full 0):
 garbage-first heap   total 743424K, used 248597K [0x000000070a200000, 0x0000000800000000)
  region size 2048K, 14 young (28672K), 14 survivors (28672K)
 Metaspace       used 107805K, committed 109120K, reserved 1179648K
  class space    used 16185K, committed 16768K, reserved 1048576K
}
Event: 1809.628 GC heap before
{Heap before GC invocations=76 (full 0):
 garbage-first heap   total 743424K, used 664341K [0x000000070a200000, 0x0000000800000000)
  region size 2048K, 217 young (444416K), 14 survivors (28672K)
 Metaspace       used 107805K, committed 109120K, reserved 1179648K
  class space    used 16185K, committed 16768K, reserved 1048576K
}
Event: 1809.650 GC heap after
{Heap after GC invocations=77 (full 0):
 garbage-first heap   total 743424K, used 250641K [0x000000070a200000, 0x0000000800000000)
  region size 2048K, 15 young (30720K), 15 survivors (30720K)
 Metaspace       used 107805K, committed 109120K, reserved 1179648K
  class space    used 16185K, committed 16768K, reserved 1048576K
}

